<?xml version="1.0" encoding="UTF-8"?>
<testsuite xmlns:xsi="http://www.w3.org/2001/XMLSchema-instance" xsi:noNamespaceSchemaLocation="https://maven.apache.org/surefire/maven-surefire-plugin/xsd/surefire-test-report-3.0.xsd" version="3.0" name="com.jamessipac.bookingSystem.service.UsuarioServiceImplTest" time="0.718" tests="7" errors="0" skipped="0" failures="0">
  <properties>
[...]
</properties>
  <testcase name="testUpdate_UsuarioExiste" classname="com.jamessipac.bookingSystem.service.UsuarioServiceImplTest" time="0.216"/>
  <testcase name="testFindAll" classname="com.jamessipac.bookingSystem.service.UsuarioServiceImplTest" time="0.188"/>
  <testcase name="testSave" classname="com.jamessipac.bookingSystem.service.UsuarioServiceImplTest" time="0.094"/>
  <testcase name="testFindById_UsuarioNoExiste" classname="com.jamessipac.bookingSystem.service.UsuarioServiceImplTest" time="0.0"/>
  <testcase name="testFindById_UsuarioExiste" classname="com.jamessipac.bookingSystem.service.UsuarioServiceImplTest" time="0.11"/>
  <testcase name="testUpdate_UsuarioNoExiste" classname="com.jamessipac.bookingSystem.service.UsuarioServiceImplTest" time="0.094"/>
  <testcase name="testDeleteById" classname="com.jamessipac.bookingSystem.service.UsuarioServiceImplTest" time="0.0"/>
</testsuite>